{
  "0 debug pnpm:scope": {
    "selected": 1
  },
  "1 debug pnpm:package-manifest": {
    "initial": {},
    "prefix": "/Users/shriji/Library/pnpm/store/v3/tmp/dlx-82013"
  },
  "2 debug pnpm:context": {
    "currentLockfileExists": false,
    "storeDir": "/Users/shriji/Library/pnpm/store/v3",
    "virtualStoreDir": "/Users/shriji/Library/pnpm/store/v3/tmp/dlx-82013/node_modules/.pnpm"
  },
  "3 debug pnpm:stage": {
    "prefix": "/Users/shriji/Library/pnpm/store/v3/tmp/dlx-82013",
    "stage": "resolution_started"
  },
  "4 error pnpm": {
    "code": "ERR_PNPM_FETCH_404",
    "hint": "--version is not in the npm registry, or you have no permission to fetch it.\n\nNo authorization header was set for the request.",
    "request": {
      "url": "https://registry.npmjs.org/--version"
    },
    "response": {
      "size": 0
    },
    "pkgName": "--version",
    "spec": {
      "fetchSpec": "latest",
      "name": "--version",
      "type": "tag"
    },
    "pkgsStack": [],
    "err": {
      "name": "pnpm",
      "message": "GET https://registry.npmjs.org/--version: Not Found - 404",
      "code": "ERR_PNPM_FETCH_404",
      "stack": "pnpm: GET https://registry.npmjs.org/--version: Not Found - 404\n    at RetryOperation._fn (/Users/shriji/.nvm/versions/node/v16.13.2/pnpm-global/5/node_modules/.pnpm/pnpm@7.1.3/node_modules/pnpm/dist/pnpx.cjs:79427:19)\n    at processTicksAndRejections (node:internal/process/task_queues:96:5)"
    }
  }
}